<?xml version="1.0" encoding="UTF-8"?>
<TestRun id="dc8ff505-2267-4a2f-8b45-4e0655769d37" name="Fredrik@FKVAIO 2010-09-06 11:42:34" runUser="FKVaio\Fredrik" xmlns="http://microsoft.com/schemas/VisualStudio/TeamTest/2010">
  <TestSettings name="Local" id="5b82bb5d-938d-47a6-8c5b-afaf40dc0149">
    <Description>These are default test settings for a local test run.</Description>
    <Deployment enabled="false" runDeploymentRoot="Fredrik_FKVAIO 2010-09-06 11_42_34" />
    <Execution>
      <TestTypeSpecific />
      <AgentRule name="Execution Agents">
      </AgentRule>
    </Execution>
  </TestSettings>
  <Times creation="2010-09-06T11:42:34.6381511+02:00" queuing="2010-09-06T11:42:34.9461688+02:00" start="2010-09-06T11:42:35.2161842+02:00" finish="2010-09-06T11:42:35.6122068+02:00" />
  <ResultSummary outcome="Failed">
    <Counters total="1" executed="1" error="0" failed="1" timeout="0" aborted="0" inconclusive="0" passedButRunAborted="0" notRunnable="0" notExecuted="0" disconnected="0" warning="0" passed="0" completed="0" inProgress="0" pending="0" />
  </ResultSummary>
  <TestDefinitions>
    <UnitTest name="Then_Task_postponed_event_is_published" storage="c:\source\_projects\nexttask\nexttask.tests\bin\debug\nexttask.tests.dll" id="e902fb07-72e1-cf36-946f-cf8c970bb6c6">
      <Execution timeOut="1800000" id="2ad6b488-437e-4c7e-ba2f-4659090f62a3" />
      <TestMethod codeBase="C:/Source/_Projects/NextTask/NextTask.Tests/bin/Debug/NextTask.Tests.DLL" adapterTypeName="Microsoft.VisualStudio.TestTools.TestTypes.Unit.UnitTestAdapter, Microsoft.VisualStudio.QualityTools.Tips.UnitTest.Adapter, Version=10.0.0.0, Culture=neutral, PublicKeyToken=b03f5f7f11d50a3a" className="NextTask.Tests.When_postponing_task, NextTask.Tests, Version=1.0.0.0, Culture=neutral, PublicKeyToken=null" name="Then_Task_postponed_event_is_published" />
    </UnitTest>
  </TestDefinitions>
  <TestLists>
    <TestList name="Results Not in a List" id="8c84fa94-04c1-424b-9868-57a2d4851a1d" />
    <TestList name="All Loaded Results" id="19431567-8539-422a-85d7-44ee4e166bda" />
  </TestLists>
  <TestEntries>
    <TestEntry testId="e902fb07-72e1-cf36-946f-cf8c970bb6c6" executionId="2ad6b488-437e-4c7e-ba2f-4659090f62a3" testListId="8c84fa94-04c1-424b-9868-57a2d4851a1d" />
  </TestEntries>
  <Results>
    <UnitTestResult executionId="2ad6b488-437e-4c7e-ba2f-4659090f62a3" testId="e902fb07-72e1-cf36-946f-cf8c970bb6c6" testName="Then_Task_postponed_event_is_published" computerName="FKVAIO" duration="00:00:00.1925499" startTime="2010-09-06T11:42:35.2621868+02:00" endTime="2010-09-06T11:42:35.5372026+02:00" testType="13cdc9d9-ddb5-4fa4-a97d-d965ccfc6d4b" outcome="Failed" testListId="8c84fa94-04c1-424b-9868-57a2d4851a1d" relativeResultsDirectory="2ad6b488-437e-4c7e-ba2f-4659090f62a3">
      <Output>
        <ErrorInfo>
          <Message>Initialization method NextTask.Tests.When_postponing_task.Setup threw exception. Ninject.ActivationException: Ninject.ActivationException: Error activating IRepository{Task}
No matching bindings are available, and the type is not self-bindable.
Activation path:
  2) Injection of dependency IRepository{Task} into parameter taskRepository of constructor of type PostponeTask
  1) Request for PostponeTask

Suggestions:
  1) Ensure that you have defined a binding for IRepository{Task}.
  2) If the binding was defined in a module, ensure that the module has been loaded into the kernel.
  3) Ensure you have not accidentally created more than one kernel.
  4) If you are using automatic module loading, ensure the search path and filters are correct.
.</Message>
          <StackTrace>    at Ninject.KernelBase.Resolve(IRequest request)
   at Ninject.Planning.Targets.Target`1.GetValues(Type service, IContext parent)
   at Ninject.Planning.Targets.Target`1.ResolveWithin(IContext parent)
   at Ninject.Activation.Providers.StandardProvider.GetValue(IContext context, ITarget target)
   at Ninject.Activation.Providers.StandardProvider.&lt;&gt;c__DisplayClass2.&lt;Create&gt;b__1(ITarget target)
   at System.Linq.Enumerable.WhereSelectArrayIterator`2.MoveNext()
   at System.Linq.Buffer`1..ctor(IEnumerable`1 source)
   at System.Linq.Enumerable.ToArray[TSource](IEnumerable`1 source)
   at Ninject.Activation.Providers.StandardProvider.Create(IContext context)
   at Ninject.Activation.Context.Resolve()
   at Ninject.KernelBase.&lt;Resolve&gt;b__7(IContext context)
   at System.Linq.Enumerable.&lt;&gt;c__DisplayClass12`3.&lt;CombineSelectors&gt;b__11(TSource x)
   at System.Linq.Enumerable.WhereSelectEnumerableIterator`2.MoveNext()
   at System.Linq.Enumerable.&lt;CastIterator&gt;d__b1`1.MoveNext()
   at System.Linq.Enumerable.Single[TSource](IEnumerable`1 source)
   at Ninject.ResolutionExtensions.Get[T](IResolutionRoot root, IParameter[] parameters)
   at NextTask.Tests.CommandTestFixture`3.BuildHandler() in C:\Source\_Projects\NextTask\NextTask.Tests\CommandTestFixture.cs:line 68
   at NextTask.Tests.CommandTestFixture`3.Setup() in C:\Source\_Projects\NextTask\NextTask.Tests\CommandTestFixture.cs:line 30
</StackTrace>
        </ErrorInfo>
      </Output>
    </UnitTestResult>
  </Results>
</TestRun>